2025-04-02 19:34:24,069 - INFO - None
2025-04-02 19:34:56,425 - INFO -                 id          age       income  credit_score
count 300000000.00 300000000.00 300000000.00  300000000.00
mean      49933.83        59.00    499701.97        575.01
std       28867.44        23.95    288981.11        159.01
min           1.00        18.00         0.00        300.00
25%       24934.00        38.00    249000.00        437.00
50%       49868.00        59.00    499000.00        575.00
75%       74934.00        80.00    750000.00        713.00
max      100000.00       100.00   1000000.00        850.00
2025-04-02 19:36:35,776 - INFO - 数据中不存在缺失值
2025-04-02 19:36:36,362 - INFO - 数据中不存在年龄非法值
2025-04-02 19:50:00,070 - WARNING - 数据中性别列存在异常值，异常值数量: 0
2025-04-02 19:50:00,071 - WARNING - 数据中存在重复行，重复行重复量: 297600000
2025-04-02 20:15:10,335 - INFO - 删除重复行后，数据框中已无重复行。
2025-04-02 20:15:33,292 - INFO - 开始执行 cluster_and_analyze 函数
2025-04-02 20:15:33,292 - INFO - 开始提取 purchase_history 中的 average_price 和 items 的长度
2025-04-02 20:15:46,712 - INFO - 提取完成
2025-04-02 20:15:46,719 - INFO - 选择的特征为: ['income', 'average_price', 'items_count']
2025-04-02 20:15:46,720 - INFO - 开始进行数据标准化
2025-04-02 20:15:46,781 - INFO - 数据标准化完成
2025-04-02 20:15:46,781 - INFO - 最优聚类数 k = 7
2025-04-02 20:15:46,781 - INFO - 开始使用最优聚类数 k = 7 进行 K-means 聚类
2025-04-02 20:15:47,956 - INFO - K-means 聚类完成
2025-04-02 20:15:47,956 - INFO - 开始分析每个聚类的特征
2025-04-02 20:15:48,023 - INFO - 聚类特征分析完成
2025-04-02 20:15:48,023 - INFO - 开始进行 PCA 降维以可视化聚类结果
2025-04-02 20:15:48,100 - INFO - PCA 降维完成
2025-04-02 20:15:48,100 - INFO - 开始绘制散点图可视化聚类结果
2025-04-02 20:16:06,133 - INFO - 将可视化结果保存到 /home/sunminhao/grade8_HOMEWORK/DataMining/Homework1/visualization/cluster_visualization.png
2025-04-02 20:17:46,923 - INFO - 可视化结果保存完成
2025-04-02 20:17:46,923 - INFO - cluster_and_analyze 函数执行结束
2025-04-02 20:17:47,112 - INFO - 每个聚类的特征分析：
2025-04-02 20:17:47,112 - INFO -            income  average_price  items_count
cluster                                      
0       759447.07         290.67         8.00
1       749966.35         257.96         2.98
2       756339.34         755.74         3.34
3       251822.95         269.87         2.93
4       550493.05         790.89         8.39
5       231234.18         321.39         8.07
6       225116.49         770.87         3.83
